This is pdfTeX, Version 3.1415926-1.40.10 (TeX Live 2009/Debian) (format=latex 2012.7.24)  20 SEP 2012 14:01
entering extended mode
 %&-line parsing enabled.
**\input draft1.tex
(./draft1.tex (/usr/share/texmf-texlive/tex/latex/refman/refrep.cls
Document Class: refrep 2006/11/13 v2.0e LaTeX document class
\papermarginwidth=\skip41
(/usr/share/texmf-texlive/tex/latex/base/size10.clo
File: size10.clo 2007/10/19 v1.4h Standard LaTeX file (size option)
)
\leftmarginwidth=\dimen102
\fullwidth=\dimen103
\emptyfoottopmargin=\dimen104
\emptyheadtopmargin=\dimen105
\c@part=\count79
\c@chapter=\count80
\c@section=\count81
\c@subsection=\count82
\c@subsubsection=\count83
\c@paragraph=\count84
\c@subparagraph=\count85
\c@figure=\count86
\c@table=\count87
\abovecaptionskip=\skip42
\belowcaptionskip=\skip43
\bibindent=\dimen106
)
(/usr/share/texmf-texlive/tex/latex/base/makeidx.sty
Package: makeidx 2000/03/29 v1.0m Standard LaTeX package
)
(/usr/share/texmf-texlive/tex/latex/base/ifthen.sty
Package: ifthen 2001/05/26 v1.1c Standard LaTeX ifthen package (DPC)
)
(/usr/share/texmf-texlive/tex/latex/cite/cite.sty
LaTeX Info: Redefining \cite on input line 285.
LaTeX Info: Redefining \nocite on input line 356.
Package: cite 2009/08/29  v 5.2
)
(/usr/share/texmf-texlive/tex/latex/graphics/graphicx.sty
Package: graphicx 1999/02/16 v1.0f Enhanced LaTeX Graphics (DPC,SPQR)

(/usr/share/texmf-texlive/tex/latex/graphics/keyval.sty
Package: keyval 1999/03/16 v1.13 key=value parser (DPC)
\KV@toks@=\toks14
)
(/usr/share/texmf-texlive/tex/latex/graphics/graphics.sty
Package: graphics 2009/02/05 v1.0o Standard LaTeX Graphics (DPC,SPQR)

(/usr/share/texmf-texlive/tex/latex/graphics/trig.sty
Package: trig 1999/03/16 v1.09 sin cos tan (DPC)
)
(/etc/texmf/tex/latex/config/graphics.cfg
File: graphics.cfg 2009/08/28 v1.8 graphics configuration of TeX Live
)
Package graphics Info: Driver file: dvips.def on input line 91.

(/usr/share/texmf-texlive/tex/latex/graphics/dvips.def
File: dvips.def 1999/02/16 v3.0i Driver-dependant file (DPC,SPQR)
))
\Gin@req@height=\dimen107
\Gin@req@width=\dimen108
)
(/usr/share/texmf-texlive/tex/latex/graphics/epsfig.sty
Package: epsfig 1999/02/16 v1.7a (e)psfig emulation (SPQR)
\epsfxsize=\dimen109
\epsfysize=\dimen110
)
(/usr/share/texmf-texlive/tex/latex/base/textcomp.sty
Package: textcomp 2005/09/27 v1.99g Standard LaTeX package
Package textcomp Info: Sub-encoding information:
(textcomp)               5 = only ISO-Adobe without \textcurrency
(textcomp)               4 = 5 + \texteuro
(textcomp)               3 = 4 + \textohm
(textcomp)               2 = 3 + \textestimated + \textcurrency
(textcomp)               1 = TS1 - \textcircled - \t
(textcomp)               0 = TS1 (full)
(textcomp)             Font families with sub-encoding setting implement
(textcomp)             only a restricted character set as indicated.
(textcomp)             Family '?' is the default used for unknown fonts.
(textcomp)             See the documentation for details.
Package textcomp Info: Setting ? sub-encoding to TS1/1 on input line 71.

(/usr/share/texmf-texlive/tex/latex/base/ts1enc.def
File: ts1enc.def 2001/06/05 v3.0e (jk/car/fm) Standard LaTeX file
)
LaTeX Info: Redefining \oldstylenums on input line 266.
Package textcomp Info: Setting cmr sub-encoding to TS1/0 on input line 281.
Package textcomp Info: Setting cmss sub-encoding to TS1/0 on input line 282.
Package textcomp Info: Setting cmtt sub-encoding to TS1/0 on input line 283.
Package textcomp Info: Setting cmvtt sub-encoding to TS1/0 on input line 284.
Package textcomp Info: Setting cmbr sub-encoding to TS1/0 on input line 285.
Package textcomp Info: Setting cmtl sub-encoding to TS1/0 on input line 286.
Package textcomp Info: Setting ccr sub-encoding to TS1/0 on input line 287.
Package textcomp Info: Setting ptm sub-encoding to TS1/4 on input line 288.
Package textcomp Info: Setting pcr sub-encoding to TS1/4 on input line 289.
Package textcomp Info: Setting phv sub-encoding to TS1/4 on input line 290.
Package textcomp Info: Setting ppl sub-encoding to TS1/3 on input line 291.
Package textcomp Info: Setting pag sub-encoding to TS1/4 on input line 292.
Package textcomp Info: Setting pbk sub-encoding to TS1/4 on input line 293.
Package textcomp Info: Setting pnc sub-encoding to TS1/4 on input line 294.
Package textcomp Info: Setting pzc sub-encoding to TS1/4 on input line 295.
Package textcomp Info: Setting bch sub-encoding to TS1/4 on input line 296.
Package textcomp Info: Setting put sub-encoding to TS1/5 on input line 297.
Package textcomp Info: Setting uag sub-encoding to TS1/5 on input line 298.
Package textcomp Info: Setting ugq sub-encoding to TS1/5 on input line 299.
Package textcomp Info: Setting ul8 sub-encoding to TS1/4 on input line 300.
Package textcomp Info: Setting ul9 sub-encoding to TS1/4 on input line 301.
Package textcomp Info: Setting augie sub-encoding to TS1/5 on input line 302.
Package textcomp Info: Setting dayrom sub-encoding to TS1/3 on input line 303.
Package textcomp Info: Setting dayroms sub-encoding to TS1/3 on input line 304.

Package textcomp Info: Setting pxr sub-encoding to TS1/0 on input line 305.
Package textcomp Info: Setting pxss sub-encoding to TS1/0 on input line 306.
Package textcomp Info: Setting pxtt sub-encoding to TS1/0 on input line 307.
Package textcomp Info: Setting txr sub-encoding to TS1/0 on input line 308.
Package textcomp Info: Setting txss sub-encoding to TS1/0 on input line 309.
Package textcomp Info: Setting txtt sub-encoding to TS1/0 on input line 310.
Package textcomp Info: Setting futs sub-encoding to TS1/4 on input line 311.
Package textcomp Info: Setting futx sub-encoding to TS1/4 on input line 312.
Package textcomp Info: Setting futj sub-encoding to TS1/4 on input line 313.
Package textcomp Info: Setting hlh sub-encoding to TS1/3 on input line 314.
Package textcomp Info: Setting hls sub-encoding to TS1/3 on input line 315.
Package textcomp Info: Setting hlst sub-encoding to TS1/3 on input line 316.
Package textcomp Info: Setting hlct sub-encoding to TS1/5 on input line 317.
Package textcomp Info: Setting hlx sub-encoding to TS1/5 on input line 318.
Package textcomp Info: Setting hlce sub-encoding to TS1/5 on input line 319.
Package textcomp Info: Setting hlcn sub-encoding to TS1/5 on input line 320.
Package textcomp Info: Setting hlcw sub-encoding to TS1/5 on input line 321.
Package textcomp Info: Setting hlcf sub-encoding to TS1/5 on input line 322.
Package textcomp Info: Setting pplx sub-encoding to TS1/3 on input line 323.
Package textcomp Info: Setting pplj sub-encoding to TS1/3 on input line 324.
Package textcomp Info: Setting ptmx sub-encoding to TS1/4 on input line 325.
Package textcomp Info: Setting ptmj sub-encoding to TS1/4 on input line 326.
)
\@indexfile=\write3
\openout3 = `draft1.idx'.


Writing index file draft1.idx

LaTeX Warning: Unused global option(s):
    [letter].

(./draft1.aux

LaTeX Warning: Label `default' multiply defined.


LaTeX Warning: Label `default' multiply defined.


LaTeX Warning: Label `default' multiply defined.

)
\openout1 = `draft1.aux'.

LaTeX Font Info:    Checking defaults for OML/cmm/m/it on input line 40.
LaTeX Font Info:    ... okay on input line 40.
LaTeX Font Info:    Checking defaults for T1/cmr/m/n on input line 40.
LaTeX Font Info:    ... okay on input line 40.
LaTeX Font Info:    Checking defaults for OT1/cmr/m/n on input line 40.
LaTeX Font Info:    ... okay on input line 40.
LaTeX Font Info:    Checking defaults for OMS/cmsy/m/n on input line 40.
LaTeX Font Info:    ... okay on input line 40.
LaTeX Font Info:    Checking defaults for OMX/cmex/m/n on input line 40.
LaTeX Font Info:    ... okay on input line 40.
LaTeX Font Info:    Checking defaults for U/cmr/m/n on input line 40.
LaTeX Font Info:    ... okay on input line 40.
LaTeX Font Info:    Checking defaults for TS1/cmr/m/n on input line 40.
LaTeX Font Info:    Try loading font information for TS1+cmr on input line 40.
 (/usr/share/texmf-texlive/tex/latex/base/ts1cmr.fd
File: ts1cmr.fd 1999/05/25 v2.5h Standard LaTeX font definitions
)
LaTeX Font Info:    ... okay on input line 40.
LaTeX Font Info:    External font `cmex10' loaded for size
(Font)              <12> on input line 42.
LaTeX Font Info:    External font `cmex10' loaded for size
(Font)              <8> on input line 42.
LaTeX Font Info:    External font `cmex10' loaded for size
(Font)              <6> on input line 42.
 [1

] [2] (./draft1.toc
LaTeX Font Info:    External font `cmex10' loaded for size
(Font)              <7> on input line 2.
LaTeX Font Info:    External font `cmex10' loaded for size
(Font)              <5> on input line 2.

[3

])
\tf@toc=\write4
\openout4 = `draft1.toc'.

 [4]
 1.
[5

] [6]

! LaTeX Error: Cannot determine size of graphic in ./images/dclampcircuit.pdf (
no BoundingBox).

See the LaTeX manual or LaTeX Companion for explanation.
Type  H <return>  for immediate help.
 ...                                              
                                                  
l.120 ...egraphics[width=4.5in]{dclampcircuit.pdf}
                                                  
Try typing  <return>  to proceed.
If that doesn't work, type  X <return>  to quit.

File: ./images/dclampcircuit.pdf Graphic file (type eps)
<./images/dclampcircuit.pdf> [7] [8] [9] [10]
 2.
Missing character: There is no Ò in font cmr10!
Missing character: There is no Ó in font cmr10!
Missing character: There is no Ò in font cmr10!
Missing character: There is no Ó in font cmr10!

! LaTeX Error: Cannot determine size of graphic in ./images/module_ex1.png (no 
BoundingBox).

See the LaTeX manual or LaTeX Companion for explanation.
Type  H <return>  for immediate help.
 ...                                              
                                                  
l.163 \includegraphics[width=6in]{module_ex1.png}
                                                 
Try typing  <return>  to proceed.
If that doesn't work, type  X <return>  to quit.

File: ./images/module_ex1.png Graphic file (type eps)
<./images/module_ex1.png>

LaTeX Warning: `!h' float specifier changed to `!ht'.

[11

]
Underfull \vbox (badness 10000) has occurred while \output is active []

 [12]

! LaTeX Error: Cannot determine size of graphic in ./images/module_ex2.png (no 
BoundingBox).

See the LaTeX manual or LaTeX Companion for explanation.
Type  H <return>  for immediate help.
 ...                                              
                                                  
l.177 \includegraphics[width=6in]{module_ex2.png}
                                                 
Try typing  <return>  to proceed.
If that doesn't work, type  X <return>  to quit.

File: ./images/module_ex2.png Graphic file (type eps)
<./images/module_ex2.png>

LaTeX Warning: `!h' float specifier changed to `!ht'.

LaTeX Font Info:    External font `cmex10' loaded for size
(Font)              <9> on input line 186.

LaTeX Warning: Reference `Workflow 2' on page 13 undefined on input line 188.

[13] [14] [15]

! LaTeX Error: Cannot determine size of graphic in ./images/fileMenu.png (no Bo
undingBox).

See the LaTeX manual or LaTeX Companion for explanation.
Type  H <return>  for immediate help.
 ...                                              
                                                  
l.206 \includegraphics[width=4.5in]{fileMenu.png}
                                                 
Try typing  <return>  to proceed.
If that doesn't work, type  X <return>  to quit.

File: ./images/fileMenu.png Graphic file (type eps)
<./images/fileMenu.png> [16]

! LaTeX Error: File `modulesMenu' not found.

See the LaTeX manual or LaTeX Companion for explanation.
Type  H <return>  for immediate help.
 ...                                              
                                                  
l.215 \includegraphics[width=4.5in]{modulesMenu}
                                                
I could not locate the file with any of these extensions:
.eps,.ps,.eps.gz,.ps.gz,.eps.Z
Try typing  <return>  to proceed.
If that doesn't work, type  X <return>  to quit.


! LaTeX Error: Cannot determine size of graphic in ./images/systemMenu.png (no 
BoundingBox).

See the LaTeX manual or LaTeX Companion for explanation.
Type  H <return>  for immediate help.
 ...                                              
                                                  
l.224 ...ludegraphics[width=4.5in]{systemMenu.png}
                                                  
Try typing  <return>  to proceed.
If that doesn't work, type  X <return>  to quit.

File: ./images/systemMenu.png Graphic file (type eps)
<./images/systemMenu.png>

LaTeX Warning: `h' float specifier changed to `ht'.


! LaTeX Error: Cannot determine size of graphic in ./images/helpMenu.png (no Bo
undingBox).

See the LaTeX manual or LaTeX Companion for explanation.
Type  H <return>  for immediate help.
 ...                                              
                                                  
l.233 \includegraphics[width=4.5in]{helpMenu.png}
                                                 
Try typing  <return>  to proceed.
If that doesn't work, type  X <return>  to quit.

File: ./images/helpMenu.png Graphic file (type eps)
<./images/helpMenu.png>

LaTeX Warning: `h' float specifier changed to `ht'.


! LaTeX Error: Cannot determine size of graphic in ./images/systemcontrol0.png 
(no BoundingBox).

See the LaTeX manual or LaTeX Companion for explanation.
Type  H <return>  for immediate help.
 ...                                              
                                                  
l.250 ...graphics[width=4.5in]{systemcontrol0.png}
                                                  
Try typing  <return>  to proceed.
If that doesn't work, type  X <return>  to quit.

File: ./images/systemcontrol0.png Graphic file (type eps)
<./images/systemcontrol0.png>

LaTeX Warning: `h' float specifier changed to `ht'.

[17]

! LaTeX Error: Cannot determine size of graphic in ./images/systemcontrol1.png 
(no BoundingBox).

See the LaTeX manual or LaTeX Companion for explanation.
Type  H <return>  for immediate help.
 ...                                              
                                                  
l.262 ...graphics[width=4.5in]{systemcontrol1.png}
                                                  
Try typing  <return>  to proceed.
If that doesn't work, type  X <return>  to quit.

File: ./images/systemcontrol1.png Graphic file (type eps)
<./images/systemcontrol1.png>

LaTeX Warning: `h' float specifier changed to `ht'.


Underfull \vbox (badness 10000) has occurred while \output is active []

 [18]

! LaTeX Error: Cannot determine size of graphic in ./images/oscilloscope0.png (
no BoundingBox).

See the LaTeX manual or LaTeX Companion for explanation.
Type  H <return>  for immediate help.
 ...                                              
                                                  
l.277 ...udegraphics[width=6in]{oscilloscope0.png}
                                                  
Try typing  <return>  to proceed.
If that doesn't work, type  X <return>  to quit.

File: ./images/oscilloscope0.png Graphic file (type eps)
<./images/oscilloscope0.png>

LaTeX Warning: `h' float specifier changed to `ht'.

Missing character: There is no Ò in font cmr10!
[19]

! LaTeX Error: Cannot determine size of graphic in ./images/oscilloscope1.png (
no BoundingBox).

See the LaTeX manual or LaTeX Companion for explanation.
Type  H <return>  for immediate help.
 ...                                              
                                                  
l.288 ...egraphics[width=4.5in]{oscilloscope1.png}
                                                  
Try typing  <return>  to proceed.
If that doesn't work, type  X <return>  to quit.

File: ./images/oscilloscope1.png Graphic file (type eps)
<./images/oscilloscope1.png>

LaTeX Warning: `h' float specifier changed to `ht'.

[20]
Missing character: There is no Õ in font cmr10!


! LaTeX Error: Cannot determine size of graphic in ./images/oscilloscope2.png (
no BoundingBox).

See the LaTeX manual or LaTeX Companion for explanation.
Type  H <return>  for immediate help.
 ...                                              
                                                  
l.299 ...egraphics[width=4.5in]{oscilloscope2.png}
                                                  
Try typing  <return>  to proceed.
If that doesn't work, type  X <return>  to quit.

File: ./images/oscilloscope2.png Graphic file (type eps)
<./images/oscilloscope2.png>

LaTeX Warning: `!h' float specifier changed to `!ht'.

[21]

! LaTeX Error: Cannot determine size of graphic in ./images/oscilloscope3.png (
no BoundingBox).

See the LaTeX manual or LaTeX Companion for explanation.
Type  H <return>  for immediate help.
 ...                                              
                                                  
l.310 ...udegraphics[width=4in]{oscilloscope3.png}
                                                  
Try typing  <return>  to proceed.
If that doesn't work, type  X <return>  to quit.

File: ./images/oscilloscope3.png Graphic file (type eps)
<./images/oscilloscope3.png>

LaTeX Warning: `h' float specifier changed to `ht'.


! LaTeX Error: Cannot determine size of graphic in ./images/datarecorder.png (n
o BoundingBox).

See the LaTeX manual or LaTeX Companion for explanation.
Type  H <return>  for immediate help.
 ...                                              
                                                  
l.323 ...degraphics[width=4.5in]{datarecorder.png}
                                                  
Try typing  <return>  to proceed.
If that doesn't work, type  X <return>  to quit.

File: ./images/datarecorder.png Graphic file (type eps)
<./images/datarecorder.png>

LaTeX Warning: `h' float specifier changed to `ht'.

LaTeX Font Info:    Try loading font information for TS1+cmtt on input line 331
.
(/usr/share/texmf-texlive/tex/latex/base/ts1cmtt.fd
File: ts1cmtt.fd 1999/05/25 v2.5h Standard LaTeX font definitions
)
Underfull \vbox (badness 1895) has occurred while \output is active []

 [22]

! LaTeX Error: Cannot determine size of graphic in ./images/connector1.png (no 
BoundingBox).

See the LaTeX manual or LaTeX Companion for explanation.
Type  H <return>  for immediate help.
 ...                                              
                                                  
l.348 ...ludegraphics[width=4.5in]{connector1.png}
                                                  
Try typing  <return>  to proceed.
If that doesn't work, type  X <return>  to quit.

File: ./images/connector1.png Graphic file (type eps)
<./images/connector1.png>

LaTeX Warning: `h' float specifier changed to `ht'.

Missing character: There is no Õ in font cmr10!

! LaTeX Error: Cannot determine size of graphic in ./images/connector.png (no B
oundingBox).

See the LaTeX manual or LaTeX Companion for explanation.
Type  H <return>  for immediate help.
 ...                                              
                                                  
l.358 \includegraphics[width=4.5in]{connector.png}
                                                  
Try typing  <return>  to proceed.
If that doesn't work, type  X <return>  to quit.

File: ./images/connector.png Graphic file (type eps)
<./images/connector.png>

LaTeX Warning: `h' float specifier changed to `ht'.


! LaTeX Error: File `performancebenchmark0' not found.

See the LaTeX manual or LaTeX Companion for explanation.
Type  H <return>  for immediate help.
 ...                                              
                                                  
l.370 ...raphics[width=3in]{performancebenchmark0}
                                                  
I could not locate the file with any of these extensions:
.eps,.ps,.eps.gz,.ps.gz,.eps.Z
Try typing  <return>  to proceed.
If that doesn't work, type  X <return>  to quit.


LaTeX Warning: `h' float specifier changed to `ht'.

[23] [24] [25] [26] [27] [28] [29] [30]
 3.

Overfull \hbox (12.55505pt too wide) in paragraph at lines 386--387
[]\OT1/cmr/m/n/10 Example user mod-ules are avail-able on the RTXI web-site (ht
tp://www.rtxi.org)
 []


Overfull \hbox (22.8873pt too wide) in paragraph at lines 393--394
[]\OT1/cmr/m/n/10 The RTXI ob-ject li-brary (*.so ex-ten-sion) will be copied t
o \OT1/cmtt/m/n/10 /usr/local/lib/rtxi\OT1/cmr/m/n/10 ,
 []

[31

]
Overfull \hbox (35.52608pt too wide) in paragraph at lines 410--411
[]\TS1/cmtt/m/n/10 $ \OT1/cmtt/m/n/10 sudo comedi[]calibrate --reset --dump --c
alibrate --results
 []


LaTeX Warning: File `axoclamptutorial0.png' not found on input line 420.


! LaTeX Error: File `axoclamptutorial0.png' not found.

See the LaTeX manual or LaTeX Companion for explanation.
Type  H <return>  for immediate help.
 ...                                              
                                                  
l.420 ...raphics[width=4in]{axoclamptutorial0.png}
                                                  
Try typing  <return>  to proceed.
If that doesn't work, type  X <return>  to quit.


! LaTeX Error: Cannot determine size of graphic in axoclamptutorial0.png (no Bo
undingBox).

See the LaTeX manual or LaTeX Companion for explanation.
Type  H <return>  for immediate help.
 ...                                              
                                                  
l.420 ...raphics[width=4in]{axoclamptutorial0.png}
                                                  
Try typing  <return>  to proceed.
If that doesn't work, type  X <return>  to quit.

File: axoclamptutorial0.png Graphic file (type eps)
<axoclamptutorial0.png> [32]

LaTeX Warning: File `axoclamptutorial1.png' not found on input line 430.


! LaTeX Error: File `axoclamptutorial1.png' not found.

See the LaTeX manual or LaTeX Companion for explanation.
Type  H <return>  for immediate help.
 ...                                              
                                                  
l.430 ...raphics[width=4in]{axoclamptutorial1.png}
                                                  
Try typing  <return>  to proceed.
If that doesn't work, type  X <return>  to quit.


! LaTeX Error: Cannot determine size of graphic in axoclamptutorial1.png (no Bo
undingBox).

See the LaTeX manual or LaTeX Companion for explanation.
Type  H <return>  for immediate help.
 ...                                              
                                                  
l.430 ...raphics[width=4in]{axoclamptutorial1.png}
                                                  
Try typing  <return>  to proceed.
If that doesn't work, type  X <return>  to quit.

File: axoclamptutorial1.png Graphic file (type eps)
<axoclamptutorial1.png>

! LaTeX Error: Cannot determine size of graphic in ./images/axoclamptutorial2.p
ng (no BoundingBox).

See the LaTeX manual or LaTeX Companion for explanation.
Type  H <return>  for immediate help.
 ...                                              
                                                  
l.441 ...raphics[width=4in]{axoclamptutorial2.png}
                                                  
Try typing  <return>  to proceed.
If that doesn't work, type  X <return>  to quit.

File: ./images/axoclamptutorial2.png Graphic file (type eps)
<./images/axoclamptutorial2.png>

LaTeX Warning: `h' float specifier changed to `ht'.

[33]

! LaTeX Error: Cannot determine size of graphic in ./images/istep.png (no Bound
ingBox).

See the LaTeX manual or LaTeX Companion for explanation.
Type  H <return>  for immediate help.
 ...                                              
                                                  
l.454 \includegraphics[width=2.2in]{istep.png}
                                              
Try typing  <return>  to proceed.
If that doesn't work, type  X <return>  to quit.

File: ./images/istep.png Graphic file (type eps)
<./images/istep.png>

LaTeX Warning: `h' float specifier changed to `ht'.


! LaTeX Error: Cannot determine size of graphic in ./images/oscilloscope1.png (
no BoundingBox).

See the LaTeX manual or LaTeX Companion for explanation.
Type  H <return>  for immediate help.
 ...                                              
                                                  
l.465 ...egraphics[width=4.5in]{oscilloscope1.png}
                                                  
Try typing  <return>  to proceed.
If that doesn't work, type  X <return>  to quit.

File: ./images/oscilloscope1.png Graphic file (type eps)
<./images/oscilloscope1.png>

LaTeX Warning: `h' float specifier changed to `ht'.

[34]

! LaTeX Error: Cannot determine size of graphic in ./images/connector1.png (no 
BoundingBox).

See the LaTeX manual or LaTeX Companion for explanation.
Type  H <return>  for immediate help.
 ...                                              
                                                  
l.477 ...ludegraphics[width=4.5in]{connector1.png}
                                                  
Try typing  <return>  to proceed.
If that doesn't work, type  X <return>  to quit.

File: ./images/connector1.png Graphic file (type eps)
<./images/connector1.png>

LaTeX Warning: `h' float specifier changed to `ht'.


LaTeX Warning: Reference `balancedbridge' on page 35 undefined on input line 48
6.

[35]

! LaTeX Error: Cannot determine size of graphic in ./images/axoclamptutorial3.p
ng (no BoundingBox).

See the LaTeX manual or LaTeX Companion for explanation.
Type  H <return>  for immediate help.
 ...                                              
                                                  
l.491 ...phics[width=5.2in]{axoclamptutorial3.png}
                                                  
Try typing  <return>  to proceed.
If that doesn't work, type  X <return>  to quit.

File: ./images/axoclamptutorial3.png Graphic file (type eps)
<./images/axoclamptutorial3.png>

LaTeX Warning: `!h' float specifier changed to `!ht'.


! LaTeX Error: Cannot determine size of graphic in ./images/axoclamptutorial4.p
ng (no BoundingBox).

See the LaTeX manual or LaTeX Companion for explanation.
Type  H <return>  for immediate help.
 ...                                              
                                                  
l.501 ...raphics[width=5in]{axoclamptutorial4.png}
                                                  
Try typing  <return>  to proceed.
If that doesn't work, type  X <return>  to quit.

File: ./images/axoclamptutorial4.png Graphic file (type eps)
<./images/axoclamptutorial4.png>

LaTeX Warning: `!h' float specifier changed to `!ht'.


Underfull \vbox (badness 10000) has occurred while \output is active []

 [36]

LaTeX Warning: Reference `HDF5 structure' on page 37 undefined on input line 51
7.

[37] [38]

LaTeX Warning: Marginpar on page 39 moved.


LaTeX Warning: Reference `HDF5 structure' on page 39 undefined on input line 52
3.

[39]

! LaTeX Error: Cannot determine size of graphic in ./images/axoclamptutorial5.p
ng (no BoundingBox).

See the LaTeX manual or LaTeX Companion for explanation.
Type  H <return>  for immediate help.
 ...                                              
                                                  
l.528 ...phics[width=6.5in]{axoclamptutorial5.png}
                                                  
Try typing  <return>  to proceed.
If that doesn't work, type  X <return>  to quit.

File: ./images/axoclamptutorial5.png Graphic file (type eps)
<./images/axoclamptutorial5.png>
Overfull \hbox (0.75499pt too wide) in paragraph at lines 528--529
 [] 
 []


Underfull \vbox (badness 1043) has occurred while \output is active []

 [40

]

! LaTeX Error: Cannot determine size of graphic in ./images/axoclamptutorial6.p
ng (no BoundingBox).

See the LaTeX manual or LaTeX Companion for explanation.
Type  H <return>  for immediate help.
 ...                                              
                                                  
l.552 ...phics[width=6.5in]{axoclamptutorial6.png}
                                                  
Try typing  <return>  to proceed.
If that doesn't work, type  X <return>  to quit.

File: ./images/axoclamptutorial6.png Graphic file (type eps)
<./images/axoclamptutorial6.png>
Overfull \hbox (0.75499pt too wide) in paragraph at lines 552--553
 [] 
 []


LaTeX Warning: `!h' float specifier changed to `!ht'.

[41] [42]
 4.

Underfull \hbox (badness 10000) in paragraph at lines 579--581
[]$[] [] []$\OT1/cmtt/m/n/10 : RTAI CONFIGURED WITH LESS THAN
 []

[43

] [44]
Overfull \hbox (27.1651pt too wide) in paragraph at lines 606--607
\OT1/cmr/m/n/10 plete list of COMEDI sup-ported DAQ cards is avail-able at http
://www.comedi.org.
 []

[45] [46]
Underfull \hbox (badness 10000) in paragraph at lines 687--687
[]\OT1/cmtt/m/n/10 <OBJECT component="plugin" library="comedi[]driver.so"
 []


Overfull \hbox (35.52608pt too wide) in paragraph at lines 712--713
[]\TS1/cmtt/m/n/10 $ \OT1/cmtt/m/n/10 sudo comedi[]calibrate --reset --dump --c
alibrate --results
 []

[47


]

! LaTeX Error: Cannot determine size of graphic in ./images/Usb-creator.png (no
 BoundingBox).

See the LaTeX manual or LaTeX Companion for explanation.
Type  H <return>  for immediate help.
 ...                                              
                                                  
l.743 \includegraphics{Usb-creator.png}
                                       
Try typing  <return>  to proceed.
If that doesn't work, type  X <return>  to quit.

File: ./images/Usb-creator.png Graphic file (type eps)
<./images/Usb-creator.png> [48]
Missing character: There is no Õ in font cmr10!


! LaTeX Error: Cannot determine size of graphic in ./images/livecd1.png (no Bou
ndingBox).

See the LaTeX manual or LaTeX Companion for explanation.
Type  H <return>  for immediate help.
 ...                                              
                                                  
l.761 \includegraphics[width=4.5in]{livecd1.png}
                                                
Try typing  <return>  to proceed.
If that doesn't work, type  X <return>  to quit.

File: ./images/livecd1.png Graphic file (type eps)
<./images/livecd1.png>

LaTeX Warning: `h' float specifier changed to `ht'.

Missing character: There is no Õ in font cmr10!
Missing character: There is no Õ in font cmr10!
Missing character: There is no Õ in font cmr10!
Missing character: There is no Ò in font cmr10!
Missing character: There is no Ó in font cmr10!

! LaTeX Error: Cannot determine size of graphic in ./images/livecd2.png (no Bou
ndingBox).

See the LaTeX manual or LaTeX Companion for explanation.
Type  H <return>  for immediate help.
 ...                                              
                                                  
l.773 \includegraphics[width=4.5in]{livecd2.png}
                                                
Try typing  <return>  to proceed.
If that doesn't work, type  X <return>  to quit.

File: ./images/livecd2.png Graphic file (type eps)
<./images/livecd2.png> [49]

LaTeX Warning: `h' float specifier changed to `ht'.

Missing character: There is no Õ in font cmr10!
[50]
Underfull \vbox (badness 5217) has occurred while \output is active []

 [51]
Overfull \hbox (19.24637pt too wide) in paragraph at lines 819--819
[]\TS1/cmtt/m/n/10 $ \OT1/cmtt/m/n/10 sudo apt-get install cvs subversion build
-essential 
 []


Overfull \hbox (3.4965pt too wide) in paragraph at lines 820--820
[]\TS1/cmtt/m/n/10 $ \OT1/cmtt/m/n/10 sudo apt-get install kernel-package linux
-source 
 []


Overfull \hbox (29.74628pt too wide) in paragraph at lines 821--821
[]\TS1/cmtt/m/n/10 $ \OT1/cmtt/m/n/10 sudo apt-get install libncurses5-dev libt
ool automake 
 []

[52]
Overfull \hbox (13.23259pt too wide) in paragraph at lines 824--825
[]\TS1/cmtt/m/n/10 $ \OT1/cmtt/m/n/10 sudo apt-get install libboost-program-opt
ions-dev[] 
 []


Overfull \hbox (19.24637pt too wide) in paragraph at lines 834--834
[]\TS1/cmtt/m/n/10 $ \OT1/cmtt/m/n/10 sudo cvs -d:pserver:anonymous@cvs.gna.org
:/cvs/rtai
 []


Overfull \hbox (25.00003pt too wide) in paragraph at lines 839--846
[][]$[]$ 
 []

Missing character: There is no Ò in font cmr10!
Missing character: There is no Ó in font cmr10!
[53]
Overfull \hbox (32.49489pt too wide) in paragraph at lines 875--876
[]\TS1/cmtt/m/n/10 $ \OT1/cmtt/m/n/10 sudo patch -p1 < /opt/rtai/base/arch/x86/
patches/hal-linux-2.6.28.9-x86-2.2.07.patch 
 []

[54] [55]
Underfull \hbox (badness 10000) in paragraph at lines 911--911
[] \OT1/cmtt/m/n/10 Set "Local version - append to kernel release" to "-adeos"
 []

Missing character: There is no Ò in font cmtt8!
Missing character: There is no Ò in font cmtt10!
Missing character: There is no Ó in font cmtt10!

Underfull \hbox (badness 10000) in paragraph at lines 921--921
[] \OT1/cmtt/m/n/10 Processor family to Pentium-4/Celeron/Pentium-4 M/older Xeo
n
 []


Overfull \hbox (166.00003pt too wide) in paragraph at lines 908--952
[][]$[]$ 
 []

[56

]
Missing character: There is no Õ in font cmr10!

Overfull \hbox (16.30637pt too wide) in paragraph at lines 958--959
[]\TS1/cmtt/m/n/10 $ \OT1/cmtt/m/n/10 sudo make-kpkg --initrd kernel[]image ker
nel[]headers
 []


Underfull \hbox (badness 10000) in paragraph at lines 963--964
[]\OT1/cmtt/m/n/10 dpkg-deb: control directory has bad permissions
 []

Missing character: There is no Ð in font cmtt10!

Overfull \hbox (25.00003pt too wide) in paragraph at lines 972--978
[][]$[]$ 
 []

Missing character: There is no Õ in font cmr8!
Missing character: There is no Õ in font cmr8!
[57

]
Overfull \hbox (25.00003pt too wide) in paragraph at lines 996--1008
[][]$[]$ 
 []


Underfull \hbox (badness 10000) in paragraph at lines 1013--1013
[]\TS1/cmtt/m/n/10 $ \OT1/cmtt/m/n/10 sudo ./configure --with-linux-dir=/usr/sr
c/linux --enable-testsuite
 []


Underfull \hbox (badness 10000) in paragraph at lines 1023--1023
[]\OT1/cmtt/m/n/10 ../../../base/include/asm/rtai[]leds.h:24:20: error: asm/io.
h: No such file or
 []


Underfull \hbox (badness 10000) in paragraph at lines 1025--1025
[]\TS1/cmtt/m/n/10 $ \OT1/cmtt/m/n/10 sudo ./configure --with-linux-dir=/usr/sr
c/linux --enable-testsuite
 []

[58]
Underfull \hbox (badness 10000) in paragraph at lines 1050--1050
[]\TS1/cmtt/m/n/10 $ \OT1/cmtt/m/n/10 svn co https://rtxi.svn.sourceforge.net/s
vnroot/rtxi/trunk/comedilib
 []


Underfull \hbox (badness 10000) in paragraph at lines 1051--1051
[]\TS1/cmtt/m/n/10 $ \OT1/cmtt/m/n/10 svn co https://rtxi.svn.sourceforge.net/s
vnroot/rtxi/trunk/comedi[]calibrate
 []

[59]
Overfull \hbox (33.83269pt too wide) in paragraph at lines 1084--1085
[]\OT1/cmr/m/n/10 Under Ubuntu 9.10, con-fig-ure may fail and give a \OT1/cmtt/
m/n/10 libboost-program-options
 []

Missing character: There is no Ð in font cmtt10!
Missing character: There is no Ð in font cmtt10!

Overfull \hbox (26.62013pt too wide) in paragraph at lines 1097--1098
\OT1/cmr/m/n/10 ning with \OT1/cmtt/m/n/10 comedi[]soft[]calibrate[]LDADD\OT1/c
mr/m/n/10 , change \OT1/cmtt/m/n/10 lboost[]program[]options
 []


Overfull \hbox (45.49614pt too wide) in paragraph at lines 1107--1108
[]\TS1/cmtt/m/n/10 $ \OT1/cmtt/m/n/10 sudo cp include/linux/comedi.h include/li
nux/comedilib.h
 []


Overfull \hbox (18.83852pt too wide) in paragraph at lines 1110--1111
[]\OT1/cmr/m/n/10 To cal-i-brate your card, use \OT1/cmtt/m/n/10 comedi[]calibr
ate\OT1/cmr/m/n/10 , or \OT1/cmtt/m/n/10 comedi[]soft[]calibrate
 []


Overfull \hbox (25.00003pt too wide) in paragraph at lines 1121--1134
[][]$[]$ 
 []


Underfull \vbox (badness 5446) has occurred while \output is active []

 [60]
Underfull \hbox (badness 10000) in paragraph at lines 1139--1140
[]\TS1/cmtt/m/n/10 $ \OT1/cmtt/m/n/10 sudo ./configure --with-linux-dir=/usr/sr
c/linux --enable-testsuite
 []


Underfull \hbox (badness 10000) in paragraph at lines 1139--1140
\OT1/cmtt/m/n/10 --disable-rtailab --disable-leds --enable-comedi-lxrt
 []

[61]
Missing character: There is no Õ in font cmr10!

Underfull \vbox (badness 1668) has occurred while \output is active []

 [62]
Missing character: There is no Õ in font cmr8!

Underfull \hbox (badness 10000) in paragraph at lines 1245--1245
[]\OT1/cmtt/m/n/10 Currently, the "trunk" branch of the RTXI repository is vers
ion 1.2. It
 []


Underfull \hbox (badness 10000) in paragraph at lines 1245--1245
\OT1/cmtt/m/n/10 contains snapshots of the COMEDI, COMEDILIB, and COMEDI[]CALIB
RATE source
 []


Underfull \hbox (badness 10000) in paragraph at lines 1245--1245
\OT1/cmtt/m/n/10 code that were used for the Ubuntu 9.10 Live CD and for manual
 installations
 []


Underfull \vbox (badness 4441) has occurred while \output is active []

 [63]
Missing character: There is no Õ in font cmr10!
Missing character: There is no Ð in font cmtt10!
Missing character: There is no Ð in font cmtt10!
Missing character: There is no Ò in font cmr10!
Missing character: There is no Ó in font cmr10!
Missing character: There is no Ò in font cmr10!
Missing character: There is no Ó in font cmr10!

[64] [65]
Underfull \hbox (badness 10000) in paragraph at lines 1333--1334
[]\OT1/cmtt/m/n/10 Usage: ./configure [OPTION]... [VAR=VALUE]...To assign envir
onment variables
 []


Underfull \hbox (badness 10000) in paragraph at lines 1333--1334
\OT1/cmtt/m/n/10 (e.g., CC, CFLAGS...), specify them as VAR=VALUE. See below fo
r descriptions
 []


Underfull \hbox (badness 10000) in paragraph at lines 1333--1334
\OT1/cmtt/m/n/10 of some of the useful variables. Defaults for the options are 
specified in
 []


Overfull \hbox (9.24657pt too wide) in paragraph at lines 1349--1354
[][] 
 []


Underfull \hbox (badness 10000) in paragraph at lines 1355--1359
[]\OT1/cmtt/m/n/10 By default, `make install' will install all the files in `/u
sr/local/bin',
 []


Underfull \hbox (badness 10000) in paragraph at lines 1355--1359
\OT1/cmtt/m/n/10 `/usr/local/lib' etc. You can specify an installation prefix o
ther than
 []


Overfull \hbox (30.24638pt too wide) in paragraph at lines 1416--1432
[][] 
 []


Overfull \hbox (45.99625pt too wide) in paragraph at lines 1434--1443
[][] 
 []


Underfull \vbox (badness 10000) has occurred while \output is active []

 [66]
Overfull \hbox (14.49652pt too wide) in paragraph at lines 1448--1461
[][] 
 []


Overfull \hbox (19.74648pt too wide) in paragraph at lines 1463--1477
[][] 
 []


Underfull \hbox (badness 10000) in paragraph at lines 1478--1480
[]\OT1/cmtt/m/n/10 Use these variables to override the choices made by `configu
re' or to help it
 []


Underfull \vbox (badness 10000) has occurred while \output is active []

 [67]
[68]
 5.
LaTeX Font Info:    Font shape `OT1/cmtt/bx/n' in size <12> not available
(Font)              Font shape `OT1/cmtt/m/n' tried instead on input line 1491.


! LaTeX Error: Cannot determine size of graphic in ./images/hhneuron.png (no Bo
undingBox).

See the LaTeX manual or LaTeX Companion for explanation.
Type  H <return>  for immediate help.
 ...                                              
                                                  
l.1500 \includegraphics[width=2.1in]{hhneuron.png}
                                                  
Try typing  <return>  to proceed.
If that doesn't work, type  X <return>  to quit.

File: ./images/hhneuron.png Graphic file (type eps)
<./images/hhneuron.png> [69

]
LaTeX Font Info:    Try loading font information for OMS+cmtt on input line 153
7.
LaTeX Font Info:    No file OMScmtt.fd. on input line 1537.


LaTeX Font Warning: Font shape `OMS/cmtt/m/n' undefined
(Font)              using `OMS/cmsy/m/n' instead
(Font)              for symbol `textbraceleft' on input line 1537.


Underfull \vbox (badness 10000) has occurred while \output is active []

 [70]
[71]
Underfull \hbox (badness 10000) in paragraph at lines 1579--1579
[] \OT1/cmtt/m/n/10 refresh(); // refreshes the GUI to reflect parameter values
 stored in
 []

[72]
Overfull \hbox (2.4506pt too wide) in paragraph at lines 1599--1599
[] \OT1/cmtt/m/n/10 solve(period / steps, y); // integrate equations 
 []

[73]
Overfull \hbox (22.0874pt too wide) in paragraph at lines 1636--1637
[]\OT1/cmtt/m/n/10 YOUR[]VARIABLE = getParameter("YOUR[]GUI[]LABEL").toDouble()
; 
 []


Underfull \vbox (badness 10000) has occurred while \output is active []

 [74]
Underfull \vbox (badness 10000) has occurred while \output is active []

 [75]
Overfull \hbox (10.74754pt too wide) in paragraph at lines 1726--1727
[]\OT1/cmtt/m/n/10 STATE x = 0.1 "gating variable for inward conductance"; 
 []

[76]
Overfull \hbox (5.49759pt too wide) in paragraph at lines 1738--1739
[]\OT1/cmtt/m/n/10 STATE x = 0.1 METHOD "mau" "gating variable for inward
 []

[77] [78]
 6.
Missing character: There is no Õ in font cmr10!
[79

]
Missing character: There is no Ò in font cmr10!
Missing character: There is no Ó in font cmr10!

Underfull \hbox (badness 10000) in paragraph at lines 1859--1860
[]\OT1/cmtt/m/n/10 Nov 11 20:49:02 dynamic kernel: [ 9006.244009] FOR 10 TASKS:
 TIME 14 (MS),
 []


Underfull \hbox (badness 10000) in paragraph at lines 1861--1862
[]\OT1/cmtt/m/n/10 Nov 11 20:49:02 dynamic kernel: [ 9006.244009] FOR 10 TASKS:
 TIME 14 (MS), SEM
 []


Underfull \hbox (badness 10000) in paragraph at lines 1863--1864
[]\OT1/cmtt/m/n/10 Nov 11 20:49:02 dynamic kernel: [ 9006.244009] FOR 10 TASKS:
 TIME 14 (MS),
 []

(./appendices.tex [80] [81] [82


]
Appendix A.
(./gnuGPL.tex [83

] [84] [85] [86] [87] [88] [89] [90] [91] [92] [93])
(./gnuLGPL.tex [94] [95] [96]) [97]
Appendix B.
[98

] [99]
Underfull \hbox (badness 10000) in paragraph at lines 153--154
[]\OT1/cmtt/m/n/10 VECTOR PARAMETER \OT1/cmtt/m/it/10 name \OT1/cmtt/m/n/10 = (
 \OT1/cmtt/m/it/10 element0\OT1/cmtt/m/n/10 , \OT1/cmtt/m/it/10 element1\OT1/cm
tt/m/n/10 , ... )
 []


Overfull \hbox (10.74754pt too wide) in paragraph at lines 178--179
[]\OT1/cmtt/m/n/10 STATE x = 0.1 "gating variable for inward conductance"; 
 []

[100]
Overfull \hbox (5.49759pt too wide) in paragraph at lines 202--204
[]\OT1/cmtt/m/n/10 STATE x = 0.1 METHOD "mau" "gating variable for inward
 []


Overfull \hbox (71.96927pt too wide) in paragraph at lines 214--215
[]\OT1/cmtt/m/n/10 VECTOR STATE \OT1/cmtt/m/it/10 name \OT1/cmtt/m/n/10 = ( \OT
1/cmtt/m/it/10 initial0\OT1/cmtt/m/n/10 , \OT1/cmtt/m/it/10 initial1\OT1/cmtt/m
/n/10 , ... ) ``\OT1/cmtt/m/it/10 description\OT1/cmtt/m/n/10 ''; 
 []


Overfull \hbox (0.24763pt too wide) in paragraph at lines 228--229
[]\OT1/cmtt/m/n/10 DISCRETE STATE status = ( inactive, threshold, active
 []


Underfull \hbox (badness 10000) in paragraph at lines 236--237
[]\OT1/cmtt/m/n/10 DISCRETE STATE status = ( inactive=5, threshold=10,
 []

[101]
Overfull \hbox (10.74754pt too wide) in paragraph at lines 297--300
[]\OT1/cmtt/m/n/10 TABLE FUNCTION F1(v) = (1 + tanh(v)), LOW = -10.1, HIGH
 []

[102] [103] [104] [105] [106


] [107]
Underfull \hbox (badness 10000) in paragraph at lines 573--580
[]\OT1/cmtt/m/n/10 /* This model is used to calculate the membrane potential as
suming some initial
 []


Underfull \hbox (badness 10000) in paragraph at lines 573--580
\OT1/cmtt/m/n/10 state. The calculation is based on sodium ion flow, potassium 
ion flow and
 []


Underfull \hbox (badness 10000) in paragraph at lines 573--580
\OT1/cmtt/m/n/10 leakage ion flow. (Hodgkin, A. L. and Huxley, A. F. (1952) "A 
Quantitative
 []


Underfull \hbox (badness 10000) in paragraph at lines 573--580
\OT1/cmtt/m/n/10 Description of Membrane Current and its Application to Conduct
ion and
 []


Underfull \vbox (badness 10000) has occurred while \output is active []

 [108]
[109]
Appendix C.
(./developerinfo.tex

! LaTeX Error: Cannot determine size of graphic in ./images/RTXI_Block_Diagram.
png (no BoundingBox).

See the LaTeX manual or LaTeX Companion for explanation.
Type  H <return>  for immediate help.
 ...                                              
                                                  
l.14 ...raphics[width=5in]{RTXI_Block_Diagram.png}
                                                  
Try typing  <return>  to proceed.
If that doesn't work, type  X <return>  to quit.

File: ./images/RTXI_Block_Diagram.png Graphic file (type eps)
<./images/RTXI_Block_Diagram.png>

LaTeX Warning: `h' float specifier changed to `ht'.


! LaTeX Error: Cannot determine size of graphic in ./images/classNeuron.pdf (no
 BoundingBox).

See the LaTeX manual or LaTeX Companion for explanation.
Type  H <return>  for immediate help.
 ...                                              
                                                  
l.25 \includegraphics[width=6in]{classNeuron.pdf}
                                                 
Try typing  <return>  to proceed.
If that doesn't work, type  X <return>  to quit.

File: ./images/classNeuron.pdf Graphic file (type eps)
<./images/classNeuron.pdf> [110

]

LaTeX Warning: Marginpar on page 111 moved.


LaTeX Warning: Marginpar on page 111 moved.


LaTeX Warning: Marginpar on page 111 moved.

[111])) (./draft1.bbl [112] [113] [114]
Underfull \hbox (badness 1953) in paragraph at lines 35--37
\OT1/cmr/m/it/10 ter-face\OT1/cmr/m/n/10 , Up-dated 2008, Ac-cessed De-cem-ber 
3, 2010, Avail-able:
 []

[115

]
Underfull \hbox (badness 6157) in paragraph at lines 108--111
[]\OT1/cmr/m/sc/10 Politecnico di Mi-lano - Di-par-ti-mento di In-geg-ne-ria
 []


Underfull \hbox (badness 1057) in paragraph at lines 108--111
\OT1/cmr/m/n/10 Up-dated Febru-ary 2010, Ac-cessed De-cem-ber 3, 2010, Avail-ab
le:
 []

[116]) (./draft1.ind [117]
! Undefined control sequence.
l.3   \item calibration, \hyperpage
                                   {39}
The control sequence at the end of the top line
of your error message was never \def'ed. If you have
misspelled it (e.g., `\hobx'), type `I' and the correct
spelling (e.g., `I\hbox'). Otherwise just continue,
and I'll forget about whatever was undefined.

! Undefined control sequence.
l.4   \item COMEDI, \hyperpage
                              {36}, \hyperpage{47}
The control sequence at the end of the top line
of your error message was never \def'ed. If you have
misspelled it (e.g., `\hobx'), type `I' and the correct
spelling (e.g., `I\hbox'). Otherwise just continue,
and I'll forget about whatever was undefined.

! Undefined control sequence.
l.4   \item COMEDI, \hyperpage{36}, \hyperpage
                                              {47}
The control sequence at the end of the top line
of your error message was never \def'ed. If you have
misspelled it (e.g., `\hobx'), type `I' and the correct
spelling (e.g., `I\hbox'). Otherwise just continue,
and I'll forget about whatever was undefined.

! Undefined control sequence.
l.5   \item COMEDI, calibration, \hyperpage
                                           {39}
The control sequence at the end of the top line
of your error message was never \def'ed. If you have
misspelled it (e.g., `\hobx'), type `I' and the correct
spelling (e.g., `I\hbox'). Otherwise just continue,
and I'll forget about whatever was undefined.

! Undefined control sequence.
l.6   \item compatibility, hardware, \hyperpage
                                               {36}
The control sequence at the end of the top line
of your error message was never \def'ed. If you have
misspelled it (e.g., `\hobx'), type `I' and the correct
spelling (e.g., `I\hbox'). Otherwise just continue,
and I'll forget about whatever was undefined.

! Undefined control sequence.
l.7   \item compatibility, software, \hyperpage
                                               {44}
The control sequence at the end of the top line
of your error message was never \def'ed. If you have
misspelled it (e.g., `\hobx'), type `I' and the correct
spelling (e.g., `I\hbox'). Otherwise just continue,
and I'll forget about whatever was undefined.

! Undefined control sequence.
l.8   \item Connector, \hyperpage
                                 {21}
The control sequence at the end of the top line
of your error message was never \def'ed. If you have
misspelled it (e.g., `\hobx'), type `I' and the correct
spelling (e.g., `I\hbox'). Otherwise just continue,
and I'll forget about whatever was undefined.

! Undefined control sequence.
l.12   \item DAQ, calibration, \hyperpage
                                         {39}
The control sequence at the end of the top line
of your error message was never \def'ed. If you have
misspelled it (e.g., `\hobx'), type `I' and the correct
spelling (e.g., `I\hbox'). Otherwise just continue,
and I'll forget about whatever was undefined.

! Undefined control sequence.
l.13   \item DAQ, configuration, \hyperpage
                                           {15}, \hyperpage{25}
The control sequence at the end of the top line
of your error message was never \def'ed. If you have
misspelled it (e.g., `\hobx'), type `I' and the correct
spelling (e.g., `I\hbox'). Otherwise just continue,
and I'll forget about whatever was undefined.

! Undefined control sequence.
l.13 ... configuration, \hyperpage{15}, \hyperpage
                                                  {25}
The control sequence at the end of the top line
of your error message was never \def'ed. If you have
misspelled it (e.g., `\hobx'), type `I' and the correct
spelling (e.g., `I\hbox'). Otherwise just continue,
and I'll forget about whatever was undefined.

! Undefined control sequence.
l.14   \item DAQ, multiple cards, \hyperpage
                                            {39}
The control sequence at the end of the top line
of your error message was never \def'ed. If you have
misspelled it (e.g., `\hobx'), type `I' and the correct
spelling (e.g., `I\hbox'). Otherwise just continue,
and I'll forget about whatever was undefined.

! Undefined control sequence.
l.15   \item Data Recorder, \hyperpage
                                      {19}
The control sequence at the end of the top line
of your error message was never \def'ed. If you have
misspelled it (e.g., `\hobx'), type `I' and the correct
spelling (e.g., `I\hbox'). Otherwise just continue,
and I'll forget about whatever was undefined.

! Undefined control sequence.
l.16   \item DefaultGUIModel, \hyperpage
                                        {61}
The control sequence at the end of the top line
of your error message was never \def'ed. If you have
misspelled it (e.g., `\hobx'), type `I' and the correct
spelling (e.g., `I\hbox'). Otherwise just continue,
and I'll forget about whatever was undefined.

! Undefined control sequence.
l.17   \item dependencies, software, \hyperpage
                                               {105}
The control sequence at the end of the top line
of your error message was never \def'ed. If you have
misspelled it (e.g., `\hobx'), type `I' and the correct
spelling (e.g., `I\hbox'). Otherwise just continue,
and I'll forget about whatever was undefined.

! Undefined control sequence.
l.18   \item dynamic clamp, \hyperpage
                                      {5}, \hyperpage{37}
The control sequence at the end of the top line
of your error message was never \def'ed. If you have
misspelled it (e.g., `\hobx'), type `I' and the correct
spelling (e.g., `I\hbox'). Otherwise just continue,
and I'll forget about whatever was undefined.

! Undefined control sequence.
l.18 ...m dynamic clamp, \hyperpage{5}, \hyperpage
                                                  {37}
The control sequence at the end of the top line
of your error message was never \def'ed. If you have
misspelled it (e.g., `\hobx'), type `I' and the correct
spelling (e.g., `I\hbox'). Otherwise just continue,
and I'll forget about whatever was undefined.

! Undefined control sequence.
l.19   \item DYNAMO, \hyperpage
                               {68}
The control sequence at the end of the top line
of your error message was never \def'ed. If you have
misspelled it (e.g., `\hobx'), type `I' and the correct
spelling (e.g., `I\hbox'). Otherwise just continue,
and I'll forget about whatever was undefined.

! Undefined control sequence.
l.20   \item DYNAMO, syntax, \hyperpage
                                       {91}
The control sequence at the end of the top line
of your error message was never \def'ed. If you have
misspelled it (e.g., `\hobx'), type `I' and the correct
spelling (e.g., `I\hbox'). Otherwise just continue,
and I'll forget about whatever was undefined.

! Undefined control sequence.
l.24   \item GNU GPL, \hyperpage
                                {75}
The control sequence at the end of the top line
of your error message was never \def'ed. If you have
misspelled it (e.g., `\hobx'), type `I' and the correct
spelling (e.g., `I\hbox'). Otherwise just continue,
and I'll forget about whatever was undefined.

! Undefined control sequence.
l.25   \item GNU LGPL, \hyperpage
                                 {86}
The control sequence at the end of the top line
of your error message was never \def'ed. If you have
misspelled it (e.g., `\hobx'), type `I' and the correct
spelling (e.g., `I\hbox'). Otherwise just continue,
and I'll forget about whatever was undefined.

! Undefined control sequence.
l.29   \item hardware requirements, \hyperpage
                                              {36, 37}
The control sequence at the end of the top line
of your error message was never \def'ed. If you have
misspelled it (e.g., `\hobx'), type `I' and the correct
spelling (e.g., `I\hbox'). Otherwise just continue,
and I'll forget about whatever was undefined.

! Undefined control sequence.
l.30   \item HDF5, file format, \hyperpage
                                          {30}
The control sequence at the end of the top line
of your error message was never \def'ed. If you have
misspelled it (e.g., `\hobx'), type `I' and the correct
spelling (e.g., `I\hbox'). Otherwise just continue,
and I'll forget about whatever was undefined.

! Undefined control sequence.
l.31   \item HDF5, MATLAB, \hyperpage
                                     {32}
The control sequence at the end of the top line
of your error message was never \def'ed. If you have
misspelled it (e.g., `\hobx'), type `I' and the correct
spelling (e.g., `I\hbox'). Otherwise just continue,
and I'll forget about whatever was undefined.

! Undefined control sequence.
l.35   \item installation, \hyperpage
                                     {35}
The control sequence at the end of the top line
of your error message was never \def'ed. If you have
misspelled it (e.g., `\hobx'), type `I' and the correct
spelling (e.g., `I\hbox'). Otherwise just continue,
and I'll forget about whatever was undefined.

! Undefined control sequence.
l.36   \item installation, Live CD, \hyperpage
                                              {39}
The control sequence at the end of the top line
of your error message was never \def'ed. If you have
misspelled it (e.g., `\hobx'), type `I' and the correct
spelling (e.g., `I\hbox'). Otherwise just continue,
and I'll forget about whatever was undefined.

! Undefined control sequence.
l.37   \item installation, manual, \hyperpage
                                             {44}
The control sequence at the end of the top line
of your error message was never \def'ed. If you have
misspelled it (e.g., `\hobx'), type `I' and the correct
spelling (e.g., `I\hbox'). Otherwise just continue,
and I'll forget about whatever was undefined.

! Undefined control sequence.
l.38   \item installation, modules, \hyperpage
                                              {24}
The control sequence at the end of the top line
of your error message was never \def'ed. If you have
misspelled it (e.g., `\hobx'), type `I' and the correct
spelling (e.g., `I\hbox'). Otherwise just continue,
and I'll forget about whatever was undefined.

! Undefined control sequence.
l.39   \item ion channel model, \hyperpage
                                          {6}
The control sequence at the end of the top line
of your error message was never \def'ed. If you have
misspelled it (e.g., `\hobx'), type `I' and the correct
spelling (e.g., `I\hbox'). Otherwise just continue,
and I'll forget about whatever was undefined.

! Undefined control sequence.
l.43   \item kernel configuration, \hyperpage
                                             {48}
The control sequence at the end of the top line
of your error message was never \def'ed. If you have
misspelled it (e.g., `\hobx'), type `I' and the correct
spelling (e.g., `I\hbox'). Otherwise just continue,
and I'll forget about whatever was undefined.

! Undefined control sequence.
l.47   \item latency, \hyperpage
                                {71}
The control sequence at the end of the top line
of your error message was never \def'ed. If you have
misspelled it (e.g., `\hobx'), type `I' and the correct
spelling (e.g., `I\hbox'). Otherwise just continue,
and I'll forget about whatever was undefined.

! Undefined control sequence.
l.48   \item licensing, \hyperpage
                                  {4}, \hyperpage{75}
The control sequence at the end of the top line
of your error message was never \def'ed. If you have
misspelled it (e.g., `\hobx'), type `I' and the correct
spelling (e.g., `I\hbox'). Otherwise just continue,
and I'll forget about whatever was undefined.

! Undefined control sequence.
l.48   \item licensing, \hyperpage{4}, \hyperpage
                                                 {75}
The control sequence at the end of the top line
of your error message was never \def'ed. If you have
misspelled it (e.g., `\hobx'), type `I' and the correct
spelling (e.g., `I\hbox'). Otherwise just continue,
and I'll forget about whatever was undefined.

! Undefined control sequence.
l.49   \item Live CD, \hyperpage
                                {39}
The control sequence at the end of the top line
of your error message was never \def'ed. If you have
misspelled it (e.g., `\hobx'), type `I' and the correct
spelling (e.g., `I\hbox'). Otherwise just continue,
and I'll forget about whatever was undefined.

! Undefined control sequence.
l.53   \item Makefile, \hyperpage
                                 {62}
The control sequence at the end of the top line
of your error message was never \def'ed. If you have
misspelled it (e.g., `\hobx'), type `I' and the correct
spelling (e.g., `I\hbox'). Otherwise just continue,
and I'll forget about whatever was undefined.

! Undefined control sequence.
l.54   \item modules, custom, \hyperpage
                                        {61}
The control sequence at the end of the top line
of your error message was never \def'ed. If you have
misspelled it (e.g., `\hobx'), type `I' and the correct
spelling (e.g., `I\hbox'). Otherwise just continue,
and I'll forget about whatever was undefined.

! Undefined control sequence.
l.55   \item modules, custom GUI, \hyperpage
                                            {70}
The control sequence at the end of the top line
of your error message was never \def'ed. If you have
misspelled it (e.g., `\hobx'), type `I' and the correct
spelling (e.g., `I\hbox'). Otherwise just continue,
and I'll forget about whatever was undefined.

! Undefined control sequence.
l.56   \item modules, DefaultGUIModel, \hyperpage
                                                 {61}
The control sequence at the end of the top line
of your error message was never \def'ed. If you have
misspelled it (e.g., `\hobx'), type `I' and the correct
spelling (e.g., `I\hbox'). Otherwise just continue,
and I'll forget about whatever was undefined.

! Undefined control sequence.
l.57   \item modules, DYNAMO, \hyperpage
                                        {68}
The control sequence at the end of the top line
of your error message was never \def'ed. If you have
misspelled it (e.g., `\hobx'), type `I' and the correct
spelling (e.g., `I\hbox'). Otherwise just continue,
and I'll forget about whatever was undefined.

! Undefined control sequence.
l.58   \item modules, installation, \hyperpage
                                              {24}
The control sequence at the end of the top line
of your error message was never \def'ed. If you have
misspelled it (e.g., `\hobx'), type `I' and the correct
spelling (e.g., `I\hbox'). Otherwise just continue,
and I'll forget about whatever was undefined.

! Undefined control sequence.
l.59   \item MRCI, \hyperpage
                             {4}
The control sequence at the end of the top line
of your error message was never \def'ed. If you have
misspelled it (e.g., `\hobx'), type `I' and the correct
spelling (e.g., `I\hbox'). Otherwise just continue,
and I'll forget about whatever was undefined.

! Undefined control sequence.
l.63   \item neuron model, \hyperpage
                                     {6}
The control sequence at the end of the top line
of your error message was never \def'ed. If you have
misspelled it (e.g., `\hobx'), type `I' and the correct
spelling (e.g., `I\hbox'). Otherwise just continue,
and I'll forget about whatever was undefined.

! Undefined control sequence.
l.67   \item Oscilloscope, \hyperpage
                                     {16}
The control sequence at the end of the top line
of your error message was never \def'ed. If you have
misspelled it (e.g., `\hobx'), type `I' and the correct
spelling (e.g., `I\hbox'). Otherwise just continue,
and I'll forget about whatever was undefined.

! Undefined control sequence.
l.68   \item Oscilloscope, trigger, \hyperpage
                                              {18}
The control sequence at the end of the top line
of your error message was never \def'ed. If you have
misspelled it (e.g., `\hobx'), type `I' and the correct
spelling (e.g., `I\hbox'). Otherwise just continue,
and I'll forget about whatever was undefined.

! Undefined control sequence.
l.72   \item real-time performance, \hyperpage
                                              {36}, \hyperpage{71}
The control sequence at the end of the top line
of your error message was never \def'ed. If you have
misspelled it (e.g., `\hobx'), type `I' and the correct
spelling (e.g., `I\hbox'). Otherwise just continue,
and I'll forget about whatever was undefined.

! Undefined control sequence.
l.72 ...me performance, \hyperpage{36}, \hyperpage
                                                  {71}
The control sequence at the end of the top line
of your error message was never \def'ed. If you have
misspelled it (e.g., `\hobx'), type `I' and the correct
spelling (e.g., `I\hbox'). Otherwise just continue,
and I'll forget about whatever was undefined.

! Undefined control sequence.
l.73   \item real-time period, \hyperpage
                                         {16}
The control sequence at the end of the top line
of your error message was never \def'ed. If you have
misspelled it (e.g., `\hobx'), type `I' and the correct
spelling (e.g., `I\hbox'). Otherwise just continue,
and I'll forget about whatever was undefined.

! Undefined control sequence.
l.74 ...::getInstance()-$>$getPeriod(), \hyperpage
                                                  {64}
The control sequence at the end of the top line
of your error message was never \def'ed. If you have
misspelled it (e.g., `\hobx'), type `I' and the correct
spelling (e.g., `I\hbox'). Otherwise just continue,
and I'll forget about whatever was undefined.

! Undefined control sequence.
l.75   \item RTAI, configuration, \hyperpage
                                            {50}, \hyperpage{52}
The control sequence at the end of the top line
of your error message was never \def'ed. If you have
misspelled it (e.g., `\hobx'), type `I' and the correct
spelling (e.g., `I\hbox'). Otherwise just continue,
and I'll forget about whatever was undefined.

! Undefined control sequence.
l.75 ... configuration, \hyperpage{50}, \hyperpage
                                                  {52}
The control sequence at the end of the top line
of your error message was never \def'ed. If you have
misspelled it (e.g., `\hobx'), type `I' and the correct
spelling (e.g., `I\hbox'). Otherwise just continue,
and I'll forget about whatever was undefined.

! Undefined control sequence.
l.76   \item RTLab, \hyperpage
                              {4}
The control sequence at the end of the top line
of your error message was never \def'ed. If you have
misspelled it (e.g., `\hobx'), type `I' and the correct
spelling (e.g., `I\hbox'). Otherwise just continue,
and I'll forget about whatever was undefined.

! Undefined control sequence.
l.77   \item RTLDC, \hyperpage
                              {4}
The control sequence at the end of the top line
of your error message was never \def'ed. If you have
misspelled it (e.g., `\hobx'), type `I' and the correct
spelling (e.g., `I\hbox'). Otherwise just continue,
and I'll forget about whatever was undefined.

! Undefined control sequence.
l.78   \item RTXI, configuration, \hyperpage
                                            {39}, \hyperpage{58}
The control sequence at the end of the top line
of your error message was never \def'ed. If you have
misspelled it (e.g., `\hobx'), type `I' and the correct
spelling (e.g., `I\hbox'). Otherwise just continue,
and I'll forget about whatever was undefined.

! Undefined control sequence.
l.78 ... configuration, \hyperpage{39}, \hyperpage
                                                  {58}
The control sequence at the end of the top line
of your error message was never \def'ed. If you have
misspelled it (e.g., `\hobx'), type `I' and the correct
spelling (e.g., `I\hbox'). Otherwise just continue,
and I'll forget about whatever was undefined.

! Undefined control sequence.
l.79   \item RTXI, Live CD, \hyperpage
                                      {39}
The control sequence at the end of the top line
of your error message was never \def'ed. If you have
misspelled it (e.g., `\hobx'), type `I' and the correct
spelling (e.g., `I\hbox'). Otherwise just continue,
and I'll forget about whatever was undefined.

! Undefined control sequence.
l.80 ...m RTXI, source code repository, \hyperpage
                                                  {55}
The control sequence at the end of the top line
of your error message was never \def'ed. If you have
misspelled it (e.g., `\hobx'), type `I' and the correct
spelling (e.g., `I\hbox'). Otherwise just continue,
and I'll forget about whatever was undefined.

! Undefined control sequence.
l.81   \item rtxi\_hdf\_matlabize, \hyperpage
                                             {20}, \hyperpage{33}
The control sequence at the end of the top line
of your error message was never \def'ed. If you have
misspelled it (e.g., `\hobx'), type `I' and the correct
spelling (e.g., `I\hbox'). Otherwise just continue,
and I'll forget about whatever was undefined.

! Undefined control sequence.
l.81 ...hdf\_matlabize, \hyperpage{20}, \hyperpage
                                                  {33}
The control sequence at the end of the top line
of your error message was never \def'ed. If you have
misspelled it (e.g., `\hobx'), type `I' and the correct
spelling (e.g., `I\hbox'). Otherwise just continue,
and I'll forget about whatever was undefined.

! Undefined control sequence.
l.85   \item sampling rate, \hyperpage
                                      {8}, \hyperpage{16}, \hyperpage{26}
The control sequence at the end of the top line
of your error message was never \def'ed. If you have
misspelled it (e.g., `\hobx'), type `I' and the correct
spelling (e.g., `I\hbox'). Otherwise just continue,
and I'll forget about whatever was undefined.

! Undefined control sequence.
l.85 ...m sampling rate, \hyperpage{8}, \hyperpage
                                                  {16}, \hyperpage{26}
The control sequence at the end of the top line
of your error message was never \def'ed. If you have
misspelled it (e.g., `\hobx'), type `I' and the correct
spelling (e.g., `I\hbox'). Otherwise just continue,
and I'll forget about whatever was undefined.

! Undefined control sequence.
l.85 ... \hyperpage{8}, \hyperpage{16}, \hyperpage
                                                  {26}
The control sequence at the end of the top line
of your error message was never \def'ed. If you have
misspelled it (e.g., `\hobx'), type `I' and the correct
spelling (e.g., `I\hbox'). Otherwise just continue,
and I'll forget about whatever was undefined.

! Undefined control sequence.
l.86   \item setParameter(), \hyperpage
                                       {65}
The control sequence at the end of the top line
of your error message was never \def'ed. If you have
misspelled it (e.g., `\hobx'), type `I' and the correct
spelling (e.g., `I\hbox'). Otherwise just continue,
and I'll forget about whatever was undefined.

! Undefined control sequence.
l.87   \item setState(), \hyperpage
                                   {65}
The control sequence at the end of the top line
of your error message was never \def'ed. If you have
misspelled it (e.g., `\hobx'), type `I' and the correct
spelling (e.g., `I\hbox'). Otherwise just continue,
and I'll forget about whatever was undefined.

! Undefined control sequence.
l.88   \item System Control Panel, \hyperpage
                                             {15}
The control sequence at the end of the top line
of your error message was never \def'ed. If you have
misspelled it (e.g., `\hobx'), type `I' and the correct
spelling (e.g., `I\hbox'). Otherwise just continue,
and I'll forget about whatever was undefined.

[118


]) (./draft1.aux)

LaTeX Font Warning: Some font shapes were not available, defaults substituted.


LaTeX Warning: There were undefined references.


LaTeX Warning: There were multiply-defined labels.

 ) 
Here is how much of TeX's memory you used:
 1477 strings out of 493849
 20456 string characters out of 1152846
 79341 words of memory out of 3000000
 4704 multiletter control sequences out of 15000+50000
 12274 words of font info for 44 fonts, out of 3000000 for 9000
 714 hyphenation exceptions out of 8191
 25i,9n,23p,10741b,379s stack positions out of 5000i,500n,10000p,200000b,50000s

Output written on draft1.dvi (118 pages, 341764 bytes).
