\BOOKMARK [0][-]{chapter.1}{Introduction}{}
\BOOKMARK [1][-]{section.1.1}{About RTXI}{chapter.1}
\BOOKMARK [1][-]{section.1.2}{Overview of Features}{chapter.1}
\BOOKMARK [1][-]{section.1.3}{Introduction to Dynamic Clamp}{chapter.1}
\BOOKMARK [0][-]{chapter.2}{RTXI Features}{}
\BOOKMARK [1][-]{section.2.1}{RTXI Menus}{chapter.2}
\BOOKMARK [1][-]{section.2.2}{Core System Modules}{chapter.2}
\BOOKMARK [2][-]{subsection.2.2.1}{System Control Panel}{section.2.2}
\BOOKMARK [2][-]{subsection.2.2.2}{Oscilloscope}{section.2.2}
\BOOKMARK [2][-]{subsection.2.2.3}{Data Recorder}{section.2.2}
\BOOKMARK [2][-]{subsection.2.2.4}{Connector}{section.2.2}
\BOOKMARK [2][-]{subsection.2.2.5}{Performance Benchmark}{section.2.2}
\BOOKMARK [0][-]{chapter.3}{Getting Started}{}
\BOOKMARK [1][-]{section.3.1}{Installing User Modules}{chapter.3}
\BOOKMARK [1][-]{section.3.2}{Acquiring Data \(Model Cell Tutorial\)}{chapter.3}
\BOOKMARK [1][-]{section.3.3}{HDF5 Data Files}{chapter.3}
\BOOKMARK [0][-]{chapter.4}{RTXI Software Installation}{}
\BOOKMARK [1][-]{section.4.1}{Hardware Requirements}{chapter.4}
\BOOKMARK [1][-]{section.4.2}{Data Acquisition Cards and COMEDI support}{chapter.4}
\BOOKMARK [1][-]{section.4.3}{Live CD Installation}{chapter.4}
\BOOKMARK [1][-]{section.4.4}{Manual Installation}{chapter.4}
\BOOKMARK [1][-]{section.4.5}{RTXI Configuration Options}{chapter.4}
\BOOKMARK [0][-]{chapter.5}{Writing Custom User Modules}{}
\BOOKMARK [1][-]{section.5.1}{Using the DefaultGUIModel Class}{chapter.5}
\BOOKMARK [2][-]{subsection.5.1.1}{Creating your own module class}{section.5.1}
\BOOKMARK [2][-]{subsection.5.1.2}{Edit the Makefile}{section.5.1}
\BOOKMARK [2][-]{subsection.5.1.3}{Define model parameters, inputs, and outputs}{section.5.1}
\BOOKMARK [2][-]{subsection.5.1.4}{Initialize the model}{section.5.1}
\BOOKMARK [2][-]{subsection.5.1.5}{The execute\(\) loop}{section.5.1}
\BOOKMARK [2][-]{subsection.5.1.6}{The update\(\) function}{section.5.1}
\BOOKMARK [1][-]{section.5.2}{DYNAMO Modules}{chapter.5}
\BOOKMARK [1][-]{section.5.3}{Developing Modules with Custom GUIs}{chapter.5}
\BOOKMARK [0][-]{chapter.6}{Real-time Performance}{}
\BOOKMARK [1][-]{section.6.1}{Latency Test}{chapter.6}
\BOOKMARK [1][-]{section.6.2}{Preempt Test}{chapter.6}
\BOOKMARK [1][-]{section.6.3}{Switches Test}{chapter.6}
\BOOKMARK [0][-]{chapter*.2}{Appendix}{}
\BOOKMARK [0][-]{appendix.A}{Licensing Information}{}
\BOOKMARK [1][-]{section.A.1}{GNU General Public License}{appendix.A}
\BOOKMARK [1][-]{section.A.2}{GNU Lesser General Public License}{appendix.A}
\BOOKMARK [0][-]{appendix.B}{DYNAMO Scripting Language}{}
\BOOKMARK [1][-]{section.B.1}{Using DYNAMO with RTXI}{appendix.B}
\BOOKMARK [1][-]{section.B.2}{Running DYNAMO from the terminal}{appendix.B}
\BOOKMARK [1][-]{section.B.3}{DYNAMO Syntax}{appendix.B}
\BOOKMARK [2][-]{subsection.B.3.1}{Concepts}{section.B.3}
\BOOKMARK [2][-]{subsection.B.3.2}{Structure of a DYNAMO Model}{section.B.3}
\BOOKMARK [2][-]{subsection.B.3.3}{Declarations}{section.B.3}
\BOOKMARK [2][-]{subsection.B.3.4}{Time Blocks}{section.B.3}
\BOOKMARK [2][-]{subsection.B.3.5}{Expressions and Operators in the Modeling Language}{section.B.3}
\BOOKMARK [2][-]{subsection.B.3.6}{Mathematical Functions in the Modeling Language}{section.B.3}
\BOOKMARK [1][-]{section.B.4}{DYNAMO Example}{appendix.B}
\BOOKMARK [0][-]{appendix.C}{Information for Developers}{}
\BOOKMARK [1][-]{section.C.1}{RTXI Architecture}{appendix.C}
\BOOKMARK [1][-]{section.C.2}{Software Requirements}{appendix.C}
